/home/najat/miniconda3/envs/BILL/bin/quast -r /home/najat/quast_ascii/resultats/varankomodo_reference.fasta /home/najat/quast_ascii/resultats/out_51.fa -o /home/najat/quast_ascii/resultats/51mers

Version: 5.3.0

System information:
  OS: Linux-6.8.0-87-generic-x86_64-with-glibc2.35 (linux_64)
  Python version: 3.9.23
  CPUs number: 4

Started: 2025-11-25 11:45:54

Logging to /home/najat/quast_ascii/resultats/51mers/quast.log
NOTICE: Maximum number of threads is set to 1 (use --threads option to set it manually)

CWD: /home/najat/Master_bioinformatique/M2/Bioinformatique avancée/quast_results
Main parameters: 
  MODE: default, threads: 1, min contig length: 500, min alignment length: 65, min alignment IDY: 95.0, \
  ambiguity: one, min local misassembly length: 200, min extensive misassembly length: 1000

Reference:
  /home/najat/quast_ascii/resultats/varankomodo_reference.fasta ==> varankomodo_reference

Contigs:
  Pre-processing...
  /home/najat/quast_ascii/resultats/out_51.fa ==> out_51

2025-11-25 11:45:57
Running Basic statistics processor...
  Reference genome:
    varankomodo_reference.fasta, length = 10624, num fragments = 1, GC % = 44.14
  Contig files: 
    out_51
  Calculating N50 and L50...
    out_51, N50 = 16159, L50 = 1, auN = 16159.0, Total length = 16159, GC % = 44.58, # N's per 100 kbp =  0.00
  Drawing Nx plot...
    saved to /home/najat/quast_ascii/resultats/51mers/basic_stats/Nx_plot.pdf
  Drawing NGx plot...
    saved to /home/najat/quast_ascii/resultats/51mers/basic_stats/NGx_plot.pdf
  Drawing cumulative plot...
    saved to /home/najat/quast_ascii/resultats/51mers/basic_stats/cumulative_plot.pdf
  Drawing GC content plot...
    saved to /home/najat/quast_ascii/resultats/51mers/basic_stats/GC_content_plot.pdf
  Drawing out_51 GC content plot...
    saved to /home/najat/quast_ascii/resultats/51mers/basic_stats/out_51_GC_content_plot.pdf
Done.

2025-11-25 11:46:04
Running Contig analyzer...
WARNING: Version of installed minimap2 differs from its version in the QUAST package (2.28). Please make sure that you use an actual version of software.
  out_51
  Logging to files /home/najat/quast_ascii/resultats/51mers/contigs_reports/contigs_report_out_51.stdout and contigs_report_out_51.stderr...
  Aligning contigs to the reference
WARNING: Version of installed minimap2 differs from its version in the QUAST package (2.28). Please make sure that you use an actual version of software.
  /home/najat/miniconda3/envs/BILL/bin/minimap2 -c -x asm10 -B5 -O4,16 --no-long-join \
  -r 200 -N 50 -s 65 -z 200 --mask-level 0.9 --min-occ 200 -g 2500 --score-N 2 --cs \
  -t 1 /home/najat/quast_ascii/resultats/51mers/quast_corrected_input/varankomodo_reference.fasta \
  /home/najat/quast_ascii/resultats/51mers/quast_corrected_input/out_51.fa > /home/najat/quast_ascii/resultats/51mers/contigs_reports/minimap_output/out_51.coords_tmp \
  2>> /home/najat/quast_ascii/resultats/51mers/contigs_reports/contigs_report_out_51.stderr
  Analysis is finished.

  Creating total report...
    saved to /home/najat/quast_ascii/resultats/51mers/contigs_reports/misassemblies_report.txt, misassemblies_report.tsv, and misassemblies_report.tex
  Transposed version of total report...
    saved to /home/najat/quast_ascii/resultats/51mers/contigs_reports/transposed_report_misassemblies.txt, transposed_report_misassemblies.tsv, and transposed_report_misassemblies.tex
  Creating total report...
    saved to /home/najat/quast_ascii/resultats/51mers/contigs_reports/unaligned_report.txt, unaligned_report.tsv, and unaligned_report.tex
  Drawing misassemblies by types plot...
    saved to /home/najat/quast_ascii/resultats/51mers/contigs_reports/misassemblies_plot.pdf
  Drawing misassemblies FRCurve plot...
    saved to /home/najat/quast_ascii/resultats/51mers/contigs_reports/misassemblies_frcurve_plot.pdf
Done.

2025-11-25 11:46:06
Running NA-NGA calculation...
  out_51, Largest alignment = 9402, NA50 = 9402, NGA50 = 9402, LA50 = 1, LGA50 = 1
  Drawing cumulative plot...
    saved to /home/najat/quast_ascii/resultats/51mers/aligned_stats/cumulative_plot.pdf
  Drawing NAx plot...
    saved to /home/najat/quast_ascii/resultats/51mers/aligned_stats/NAx_plot.pdf
  Drawing NGAx plot...
    saved to /home/najat/quast_ascii/resultats/51mers/aligned_stats/NGAx_plot.pdf
Done.

2025-11-25 11:46:08
Running Genome analyzer...
  NOTICE: No file with genomic features were provided. Use the --features option if you want to specify it.

  NOTICE: No file with operons were provided. Use the -O option if you want to specify it.
  out_51
  Analysis is finished.
  Skipping drawing Genome fraction, % histogram... (less than 2 columns histogram makes no sense)
Done.

NOTICE: Genes are not predicted by default. Use --gene-finding or --glimmer option to enable it.

2025-11-25 11:46:08
Creating large visual summaries...
This may take a while: press Ctrl-C to skip this step..
  1 of 2: Creating PDF with all tables and plots...
  2 of 2: Creating Icarus viewers...
Done

2025-11-25 11:46:13
RESULTS:
  Text versions of total report are saved to /home/najat/quast_ascii/resultats/51mers/report.txt, report.tsv, and report.tex
  Text versions of transposed total report are saved to /home/najat/quast_ascii/resultats/51mers/transposed_report.txt, transposed_report.tsv, and transposed_report.tex
  HTML version (interactive tables and plots) is saved to /home/najat/quast_ascii/resultats/51mers/report.html
  PDF version (tables and plots) is saved to /home/najat/quast_ascii/resultats/51mers/report.pdf
  Icarus (contig browser) is saved to /home/najat/quast_ascii/resultats/51mers/icarus.html
  Log is saved to /home/najat/quast_ascii/resultats/51mers/quast.log

Finished: 2025-11-25 11:46:13
Elapsed time: 0:00:19.361417
NOTICEs: 4; WARNINGs: 2; non-fatal ERRORs: 0

Thank you for using QUAST!
