Aligning contigs to reference...
	Aligning contigs to the reference
Filtering alignments...
Parsing coords...
Loading reference...
	Loaded [AB080275.1]
	Total Regions: 1
	Total Region Length: 10624
Analyzing contigs...
CONTIG: sequence_assemblee (7592bp)
Best alignment score: 904.0 (LEN: 925, IDY: 97.73), Total number of alignments: 19
			Looking for the best set of alignments (out of 19 total alignments)
			The best set is below. Score: 5201.0, number of alignments: 19, unaligned bases: 2327
		This contig is misassembled.
		This contig is partially unaligned. (Aligned 5265 out of 7592 non-N bases (69.35%))
			Real Alignment 1: 92 260 | 1 169 | 169 169 | 100.0 | AB080275.1 sequence_assemblee
			  Indel (> 5bp) between these two alignments: insertion of length 41; 0 mismatches (number of Ns: 0)
			Real Alignment 2: 261 454 | 211 404 | 194 194 | 100.0 | AB080275.1 sequence_assemblee
			  Indel (> 5bp) between these two alignments: insertion of length 62; 0 mismatches (number of Ns: 0)
			Real Alignment 3: 455 840 | 467 852 | 386 386 | 100.0 | AB080275.1 sequence_assemblee
			  Indel (> 5bp) between these two alignments: insertion of length 54; 0 mismatches (number of Ns: 0)
			Real Alignment 4: 841 1120 | 907 1186 | 280 280 | 100.0 | AB080275.1 sequence_assemblee
			  Indel (> 5bp) between these two alignments: insertion of length 124; 0 mismatches (number of Ns: 0)
			Real Alignment 5: 1121 2024 | 1311 2235 | 904 925 | 97.73 | AB080275.1 sequence_assemblee
			  Indel (> 5bp) between these two alignments: insertion of length 62; 0 mismatches (number of Ns: 0)
			Real Alignment 6: 2025 2237 | 2298 2510 | 213 213 | 100.0 | AB080275.1 sequence_assemblee
			  Indel (> 5bp) between these two alignments: insertion of length 62; 0 mismatches (number of Ns: 0)
			Real Alignment 7: 2238 2761 | 2573 3096 | 524 524 | 100.0 | AB080275.1 sequence_assemblee
			  Indel (> 5bp) between these two alignments: insertion of length 124; 0 mismatches (number of Ns: 0)
			Real Alignment 8: 2762 2889 | 3221 3348 | 128 128 | 100.0 | AB080275.1 sequence_assemblee
			  Indel (> 5bp) between these two alignments: insertion of length 24; 0 mismatches (number of Ns: 0)
			Real Alignment 9: 2890 2973 | 3373 3457 | 84 85 | 97.65 | AB080275.1 sequence_assemblee
			  Indel (> 5bp) between these two alignments: insertion of length 62; 0 mismatches (number of Ns: 0)
			Real Alignment 10: 2974 3084 | 3520 3630 | 111 111 | 100.0 | AB080275.1 sequence_assemblee
			  Indel (> 5bp) between these two alignments: insertion of length 124; 0 mismatches (number of Ns: 0)
			Real Alignment 11: 3085 3397 | 3755 4067 | 313 313 | 100.0 | AB080275.1 sequence_assemblee
			  Indel (> 5bp) between these two alignments: insertion of length 62; 0 mismatches (number of Ns: 0)
			Real Alignment 12: 3398 3755 | 4130 4489 | 358 360 | 99.44 | AB080275.1 sequence_assemblee
			  Indel (> 5bp) between these two alignments: insertion of length 124; 0 mismatches (number of Ns: 0)
			Real Alignment 13: 3756 4151 | 4614 5022 | 396 409 | 96.82 | AB080275.1 sequence_assemblee
			  Indel (> 5bp) between these two alignments: insertion of length 88; 0 mismatches (number of Ns: 0)
			Real Alignment 14: 4152 4522 | 5111 5481 | 371 371 | 99.73 | AB080275.1 sequence_assemblee
			  Gap between these two alignments (local misassembly). Inconsistency = -231
			Real Alignment 15: 4584 4752 | 5774 5942 | 169 169 | 100.0 | AB080275.1 sequence_assemblee
			  Indel (> 5bp) between these two alignments: insertion of length 62; 0 mismatches (number of Ns: 0)
			Real Alignment 16: 4753 4895 | 6005 6147 | 143 143 | 100.0 | AB080275.1 sequence_assemblee
			  Indel (> 5bp) between these two alignments: insertion of length 62; 0 mismatches (number of Ns: 0)
			Real Alignment 17: 4896 4985 | 6210 6299 | 90 90 | 100.0 | AB080275.1 sequence_assemblee
			  Indel (> 5bp) between these two alignments: insertion of length 43; 0 mismatches (number of Ns: 0)
			Real Alignment 18: 4986 5158 | 6343 6515 | 173 173 | 100.0 | AB080275.1 sequence_assemblee
			  Indel (> 5bp) between these two alignments: insertion of length 58; 0 mismatches (number of Ns: 0)
			Real Alignment 19: 5159 5380 | 6574 6795 | 222 222 | 99.55 | AB080275.1 sequence_assemblee
		Unaligned bases: 2327

Analyzing coverage...
Writing SNPs into /home/najat/quast_ascii/resultats/61mers/contigs_reports/minimap_output/out_61.used_snps

Analysis is finished!
Founded SNPs were written into /home/najat/quast_ascii/resultats/61mers/contigs_reports/minimap_output/out_61.used_snps

Results:
	Local Misassemblies: 1
	Misassemblies: 0
		Relocations: 0
		Translocations: 0
		Inversions: 0
	Scaffold gap extensive misassemblies: 0
	Scaffold gap local misassemblies: 0
	Misassembled Contigs: 0
	Misassembled Contig Bases: 0
	Misassemblies Inter-Contig Overlap ("Extra" Aligned Bases): 0
Unaligned Contigs: 0 + 1 part
Half Unaligned Contigs with Misassemblies: 0
Unaligned Bases in Fully and Partially Unaligned Contigs: 2327

Ambiguously Mapped Contigs: 0
Total Bases in Ambiguously Mapped Contigs: 0
"Extra" Aligned Bases in Ambiguously Mapped Contigs: 0
Note that --allow-ambiguity option was set to "one" and only first alignment per each of these contigs was used (there is no "extra" aligned bases).

	Covered Bases in Reference: 5228
	Raw Aligned Bases in Assembly: 5265
	Total Aligned Bases in Assembly (with "Extras"): 5265

	SNPs: 3
	Insertions: 1275
	Deletions: 0

